16-Nov-2023 16:38:17.165 INFO [main] org.apache.catalina.startup.VersionLoggerListener.log Server version name:   Apache Tomcat/9.0.80
16-Nov-2023 16:38:17.169 INFO [main] org.apache.catalina.startup.VersionLoggerListener.log Server built:          Aug 23 2023 21:59:38 UTC
16-Nov-2023 16:38:17.169 INFO [main] org.apache.catalina.startup.VersionLoggerListener.log Server version number: 9.0.80.0
16-Nov-2023 16:38:17.169 INFO [main] org.apache.catalina.startup.VersionLoggerListener.log OS Name:               Linux
16-Nov-2023 16:38:17.170 INFO [main] org.apache.catalina.startup.VersionLoggerListener.log OS Version:            5.15.0-88-generic
16-Nov-2023 16:38:17.170 INFO [main] org.apache.catalina.startup.VersionLoggerListener.log Architecture:          amd64
16-Nov-2023 16:38:17.170 INFO [main] org.apache.catalina.startup.VersionLoggerListener.log Java Home:             /home/admin1/jdk-9.0.4
16-Nov-2023 16:38:17.170 INFO [main] org.apache.catalina.startup.VersionLoggerListener.log JVM Version:           9.0.4+11
16-Nov-2023 16:38:17.170 INFO [main] org.apache.catalina.startup.VersionLoggerListener.log JVM Vendor:            Oracle Corporation
16-Nov-2023 16:38:17.170 INFO [main] org.apache.catalina.startup.VersionLoggerListener.log CATALINA_BASE:         /home/admin1/Desktop/GitHub_Repository/Blood-Bank-System/Blood_Bank_With_H2_SB/src/main
16-Nov-2023 16:38:17.170 INFO [main] org.apache.catalina.startup.VersionLoggerListener.log CATALINA_HOME:         /home/admin1/Downloads/apache-tomcat-9.0.80
16-Nov-2023 16:38:17.187 INFO [main] org.apache.catalina.startup.VersionLoggerListener.log Command line argument: --add-opens=java.base/java.lang=ALL-UNNAMED
16-Nov-2023 16:38:17.188 INFO [main] org.apache.catalina.startup.VersionLoggerListener.log Command line argument: --add-opens=java.base/java.io=ALL-UNNAMED
16-Nov-2023 16:38:17.188 INFO [main] org.apache.catalina.startup.VersionLoggerListener.log Command line argument: --add-opens=java.base/java.util=ALL-UNNAMED
16-Nov-2023 16:38:17.188 INFO [main] org.apache.catalina.startup.VersionLoggerListener.log Command line argument: --add-opens=java.base/java.util.concurrent=ALL-UNNAMED
16-Nov-2023 16:38:17.189 INFO [main] org.apache.catalina.startup.VersionLoggerListener.log Command line argument: --add-opens=java.rmi/sun.rmi.transport=ALL-UNNAMED
16-Nov-2023 16:38:17.189 INFO [main] org.apache.catalina.startup.VersionLoggerListener.log Command line argument: -Dcatalina.home=/home/admin1/Downloads/apache-tomcat-9.0.80
16-Nov-2023 16:38:17.189 INFO [main] org.apache.catalina.startup.VersionLoggerListener.log Command line argument: -Dcatalina.base=/home/admin1/Desktop/GitHub_Repository/Blood-Bank-System/Blood_Bank_With_H2_SB/src/main
16-Nov-2023 16:38:17.189 INFO [main] org.apache.catalina.startup.VersionLoggerListener.log Command line argument: -Djava.io.tmpdir=/home/admin1/Desktop/GitHub_Repository/Blood-Bank-System/Blood_Bank_With_H2_SB/src/main/temp
16-Nov-2023 16:38:17.189 INFO [main] org.apache.catalina.startup.VersionLoggerListener.log Command line argument: -Djava.util.logging.config.file=/home/admin1/Desktop/GitHub_Repository/Blood-Bank-System/Blood_Bank_With_H2_SB/src/main/conf/logging.properties
16-Nov-2023 16:38:17.189 INFO [main] org.apache.catalina.startup.VersionLoggerListener.log Command line argument: -Djava.util.logging.manager=org.apache.juli.ClassLoaderLogManager
16-Nov-2023 16:38:17.190 INFO [main] org.apache.catalina.startup.VersionLoggerListener.log Command line argument: -javaagent:/home/admin1/idea-IC-232.9559.62/lib/idea_rt.jar=35027:/home/admin1/idea-IC-232.9559.62/bin
16-Nov-2023 16:38:17.190 INFO [main] org.apache.catalina.startup.VersionLoggerListener.log Command line argument: -Dfile.encoding=UTF-8
16-Nov-2023 16:38:17.192 INFO [main] org.apache.catalina.core.AprLifecycleListener.lifecycleEvent The Apache Tomcat Native library which allows using OpenSSL was not found on the java.library.path: [/usr/java/packages/lib:/usr/lib64:/lib64:/lib:/usr/lib]
16-Nov-2023 16:38:17.663 INFO [main] org.apache.coyote.AbstractProtocol.init Initializing ProtocolHandler ["http-nio-8080"]
16-Nov-2023 16:38:17.696 INFO [main] org.apache.catalina.startup.Catalina.load Server initialization in [940] milliseconds
16-Nov-2023 16:38:17.767 INFO [main] org.apache.catalina.core.StandardService.startInternal Starting service [Catalina]
16-Nov-2023 16:38:17.767 INFO [main] org.apache.catalina.core.StandardEngine.startInternal Starting Servlet engine: [Apache Tomcat/9.0.80]
16-Nov-2023 16:38:17.778 INFO [main] org.apache.catalina.startup.HostConfig.deployDescriptor Deploying deployment descriptor [/home/admin1/Desktop/GitHub_Repository/Blood-Bank-System/Blood_Bank_With_H2_SB/src/main/conf/Catalina/localhost/StudentManagementSystem.xml]
16-Nov-2023 16:38:20.565 INFO [main] org.apache.jasper.servlet.TldScanner.scanJars At least one JAR was scanned for TLDs yet contained no TLDs. Enable debug logging for this logger for a complete list of JARs that were scanned but no TLDs were found in them. Skipping unneeded JARs during scanning can improve startup time and JSP compilation time.
16-Nov-2023 16:38:20.662 INFO [main] org.apache.catalina.startup.HostConfig.deployDescriptor Deployment of deployment descriptor [/home/admin1/Desktop/GitHub_Repository/Blood-Bank-System/Blood_Bank_With_H2_SB/src/main/conf/Catalina/localhost/StudentManagementSystem.xml] has finished in [2,884] ms
16-Nov-2023 16:38:20.665 INFO [main] org.apache.coyote.AbstractProtocol.start Starting ProtocolHandler ["http-nio-8080"]
16-Nov-2023 16:38:20.676 INFO [main] org.apache.catalina.startup.Catalina.start Server startup in [2979] milliseconds
16-Nov-2023 16:41:33.260 INFO [Thread-1] org.apache.coyote.AbstractProtocol.pause Pausing ProtocolHandler ["http-nio-8080"]
16-Nov-2023 16:41:33.262 INFO [Thread-1] org.apache.catalina.core.StandardService.stopInternal Stopping service [Catalina]
16-Nov-2023 16:41:33.292 INFO [Thread-1] org.apache.coyote.AbstractProtocol.stop Stopping ProtocolHandler ["http-nio-8080"]
16-Nov-2023 16:41:33.297 INFO [Thread-1] org.apache.coyote.AbstractProtocol.destroy Destroying ProtocolHandler ["http-nio-8080"]
16-Nov-2023 16:41:36.238 INFO [main] org.apache.catalina.startup.VersionLoggerListener.log Server version name:   Apache Tomcat/9.0.80
16-Nov-2023 16:41:36.242 INFO [main] org.apache.catalina.startup.VersionLoggerListener.log Server built:          Aug 23 2023 21:59:38 UTC
16-Nov-2023 16:41:36.243 INFO [main] org.apache.catalina.startup.VersionLoggerListener.log Server version number: 9.0.80.0
16-Nov-2023 16:41:36.243 INFO [main] org.apache.catalina.startup.VersionLoggerListener.log OS Name:               Linux
16-Nov-2023 16:41:36.243 INFO [main] org.apache.catalina.startup.VersionLoggerListener.log OS Version:            5.15.0-88-generic
16-Nov-2023 16:41:36.243 INFO [main] org.apache.catalina.startup.VersionLoggerListener.log Architecture:          amd64
16-Nov-2023 16:41:36.243 INFO [main] org.apache.catalina.startup.VersionLoggerListener.log Java Home:             /home/admin1/jdk-9.0.4
16-Nov-2023 16:41:36.243 INFO [main] org.apache.catalina.startup.VersionLoggerListener.log JVM Version:           9.0.4+11
16-Nov-2023 16:41:36.243 INFO [main] org.apache.catalina.startup.VersionLoggerListener.log JVM Vendor:            Oracle Corporation
16-Nov-2023 16:41:36.244 INFO [main] org.apache.catalina.startup.VersionLoggerListener.log CATALINA_BASE:         /home/admin1/Desktop/GitHub_Repository/Blood-Bank-System/Blood_Bank_With_H2_SB/src/main
16-Nov-2023 16:41:36.244 INFO [main] org.apache.catalina.startup.VersionLoggerListener.log CATALINA_HOME:         /home/admin1/Downloads/apache-tomcat-9.0.80
16-Nov-2023 16:41:36.258 INFO [main] org.apache.catalina.startup.VersionLoggerListener.log Command line argument: --add-opens=java.base/java.lang=ALL-UNNAMED
16-Nov-2023 16:41:36.258 INFO [main] org.apache.catalina.startup.VersionLoggerListener.log Command line argument: --add-opens=java.base/java.io=ALL-UNNAMED
16-Nov-2023 16:41:36.259 INFO [main] org.apache.catalina.startup.VersionLoggerListener.log Command line argument: --add-opens=java.base/java.util=ALL-UNNAMED
16-Nov-2023 16:41:36.259 INFO [main] org.apache.catalina.startup.VersionLoggerListener.log Command line argument: --add-opens=java.base/java.util.concurrent=ALL-UNNAMED
16-Nov-2023 16:41:36.259 INFO [main] org.apache.catalina.startup.VersionLoggerListener.log Command line argument: --add-opens=java.rmi/sun.rmi.transport=ALL-UNNAMED
16-Nov-2023 16:41:36.259 INFO [main] org.apache.catalina.startup.VersionLoggerListener.log Command line argument: -Dcatalina.home=/home/admin1/Downloads/apache-tomcat-9.0.80
16-Nov-2023 16:41:36.259 INFO [main] org.apache.catalina.startup.VersionLoggerListener.log Command line argument: -Dcatalina.base=/home/admin1/Desktop/GitHub_Repository/Blood-Bank-System/Blood_Bank_With_H2_SB/src/main
16-Nov-2023 16:41:36.259 INFO [main] org.apache.catalina.startup.VersionLoggerListener.log Command line argument: -Djava.io.tmpdir=/home/admin1/Desktop/GitHub_Repository/Blood-Bank-System/Blood_Bank_With_H2_SB/src/main/temp
16-Nov-2023 16:41:36.259 INFO [main] org.apache.catalina.startup.VersionLoggerListener.log Command line argument: -Djava.util.logging.config.file=/home/admin1/Desktop/GitHub_Repository/Blood-Bank-System/Blood_Bank_With_H2_SB/src/main/conf/logging.properties
16-Nov-2023 16:41:36.260 INFO [main] org.apache.catalina.startup.VersionLoggerListener.log Command line argument: -Djava.util.logging.manager=org.apache.juli.ClassLoaderLogManager
16-Nov-2023 16:41:36.260 INFO [main] org.apache.catalina.startup.VersionLoggerListener.log Command line argument: -javaagent:/home/admin1/idea-IC-232.9559.62/lib/idea_rt.jar=34233:/home/admin1/idea-IC-232.9559.62/bin
16-Nov-2023 16:41:36.260 INFO [main] org.apache.catalina.startup.VersionLoggerListener.log Command line argument: -Dfile.encoding=UTF-8
16-Nov-2023 16:41:36.262 INFO [main] org.apache.catalina.core.AprLifecycleListener.lifecycleEvent The Apache Tomcat Native library which allows using OpenSSL was not found on the java.library.path: [/usr/java/packages/lib:/usr/lib64:/lib64:/lib:/usr/lib]
16-Nov-2023 16:41:36.678 INFO [main] org.apache.coyote.AbstractProtocol.init Initializing ProtocolHandler ["http-nio-8080"]
16-Nov-2023 16:41:36.706 INFO [main] org.apache.catalina.startup.Catalina.load Server initialization in [716] milliseconds
16-Nov-2023 16:41:36.778 INFO [main] org.apache.catalina.core.StandardService.startInternal Starting service [Catalina]
16-Nov-2023 16:41:36.778 INFO [main] org.apache.catalina.core.StandardEngine.startInternal Starting Servlet engine: [Apache Tomcat/9.0.80]
16-Nov-2023 16:41:36.790 INFO [main] org.apache.catalina.startup.HostConfig.deployDescriptor Deploying deployment descriptor [/home/admin1/Desktop/GitHub_Repository/Blood-Bank-System/Blood_Bank_With_H2_SB/src/main/conf/Catalina/localhost/com#BloodBank#v1.xml]
16-Nov-2023 16:41:39.072 INFO [main] org.apache.jasper.servlet.TldScanner.scanJars At least one JAR was scanned for TLDs yet contained no TLDs. Enable debug logging for this logger for a complete list of JARs that were scanned but no TLDs were found in them. Skipping unneeded JARs during scanning can improve startup time and JSP compilation time.
16-Nov-2023 16:41:39.183 INFO [main] org.apache.catalina.startup.HostConfig.deployDescriptor Deployment of deployment descriptor [/home/admin1/Desktop/GitHub_Repository/Blood-Bank-System/Blood_Bank_With_H2_SB/src/main/conf/Catalina/localhost/com#BloodBank#v1.xml] has finished in [2,393] ms
16-Nov-2023 16:41:39.186 INFO [main] org.apache.coyote.AbstractProtocol.start Starting ProtocolHandler ["http-nio-8080"]
16-Nov-2023 16:41:39.196 INFO [main] org.apache.catalina.startup.Catalina.start Server startup in [2489] milliseconds
16-Nov-2023 16:50:44.354 INFO [Thread-1] org.apache.coyote.AbstractProtocol.pause Pausing ProtocolHandler ["http-nio-8080"]
16-Nov-2023 16:50:44.355 INFO [Thread-1] org.apache.catalina.core.StandardService.stopInternal Stopping service [Catalina]
16-Nov-2023 16:50:44.385 INFO [Thread-1] org.apache.coyote.AbstractProtocol.stop Stopping ProtocolHandler ["http-nio-8080"]
16-Nov-2023 16:50:44.388 INFO [Thread-1] org.apache.coyote.AbstractProtocol.destroy Destroying ProtocolHandler ["http-nio-8080"]
